[INFO  - 2019-11-03T14:37:04.050Z] GhostDriver - Main - running on port 58091
[INFO  - 2019-11-03T14:37:08.615Z] Session [6a00ef10-fe47-11e9-b5d7-11c4d6302cd3] - page.settings - {"XSSAuditingEnabled":false,"javascriptCanCloseWindows":true,"javascriptCanOpenWindows":true,"javascriptEnabled":true,"loadImages":true,"localToRemoteUrlAccessEnabled":false,"userAgent":"Mozilla/5.0 (Windows NT 6.2; WOW64) AppleWebKit/538.1 (KHTML, like Gecko) PhantomJS/2.1.1 Safari/538.1","webSecurityEnabled":true}
[INFO  - 2019-11-03T14:37:08.615Z] Session [6a00ef10-fe47-11e9-b5d7-11c4d6302cd3] - page.customHeaders:  - {}
[INFO  - 2019-11-03T14:37:08.615Z] Session [6a00ef10-fe47-11e9-b5d7-11c4d6302cd3] - Session.negotiatedCapabilities - {"browserName":"phantomjs","version":"2.1.1","driverName":"ghostdriver","driverVersion":"1.2.0","platform":"windows-10-32bit","javascriptEnabled":true,"takesScreenshot":true,"handlesAlerts":false,"databaseEnabled":false,"locationContextEnabled":false,"applicationCacheEnabled":false,"browserConnectionEnabled":false,"cssSelectorsEnabled":true,"webStorageEnabled":false,"rotatable":false,"acceptSslCerts":false,"nativeEvents":true,"proxy":{"proxyType":"direct"}}
[INFO  - 2019-11-03T14:37:08.615Z] SessionManagerReqHand - _postNewSessionCommand - New Session Created: 6a00ef10-fe47-11e9-b5d7-11c4d6302cd3
[ERROR - 2019-11-03T14:37:12.127Z] Session [6a00ef10-fe47-11e9-b5d7-11c4d6302cd3] - page.onError - msg: TypeError: undefined is not a constructor (evaluating 'cpath.includes("scores")')

  phantomjs://platform/console++.js:263 in error
[ERROR - 2019-11-03T14:37:12.128Z] Session [6a00ef10-fe47-11e9-b5d7-11c4d6302cd3] - page.onError - stack:
  getPageName (https://stats.nba.com/players/list/:88)

  phantomjs://platform/console++.js:263 in error
[ERROR - 2019-11-03T14:37:12.194Z] Session [6a00ef10-fe47-11e9-b5d7-11c4d6302cd3] - page.onError - msg: TypeError: Attempting to configurable attribute of unconfigurable property.

  phantomjs://platform/console++.js:263 in error
[ERROR - 2019-11-03T14:37:12.194Z] Session [6a00ef10-fe47-11e9-b5d7-11c4d6302cd3] - page.onError - stack:
  defineProperty (https://stats.nba.com/players/list/:2)
  e (https://stats.nba.com/players/list/:2)
  (anonymous function) (https://stats.nba.com/players/list/:2)
  (anonymous function) (https://stats.nba.com/players/list/:2)
  (anonymous function) (https://stats.nba.com/players/list/:2)
  (anonymous function) (https://stats.nba.com/players/list/:2)
  t (https://stats.nba.com/players/list/:2)
  r (https://stats.nba.com/players/list/:2)
  (anonymous function) (https://stats.nba.com/players/list/:2)
  reduce (:0)
  (anonymous function) (https://stats.nba.com/players/list/:2)
  (anonymous function) (https://stats.nba.com/players/list/:2)
  t (https://stats.nba.com/players/list/:2)
  (anonymous function) (https://stats.nba.com/players/list/:2)
  (anonymous function) (https://stats.nba.com/players/list/:2)
  (anonymous function) (https://stats.nba.com/players/list/:2)
  (anonymous function) (https://stats.nba.com/players/list/:2)
  (anonymous function) (https://assets.adobedtm.com/82bf3c13a525/b5e58b6c6c1d/launch-2f679d51e1bb.min.js:4)

  phantomjs://platform/console++.js:263 in error
[ERROR - 2019-11-03T14:37:12.440Z] Session [6a00ef10-fe47-11e9-b5d7-11c4d6302cd3] - page.onError - msg: ReferenceError: Can't find variable: AdobePrivacy

  phantomjs://platform/console++.js:263 in error
[ERROR - 2019-11-03T14:37:12.440Z] Session [6a00ef10-fe47-11e9-b5d7-11c4d6302cd3] - page.onError - stack:
  global code (https://assets.adobedtm.com/82bf3c13a525/b5e58b6c6c1d/06e4425fc5c9/EX8f1e6237db9e40db9e3ba58d59d64603-libraryCode_source.min.js:3)

  phantomjs://platform/console++.js:263 in error
[ERROR - 2019-11-03T14:37:15.541Z] Session [6a00ef10-fe47-11e9-b5d7-11c4d6302cd3] - page.onError - msg: ReferenceError: Can't find variable: Set

  phantomjs://platform/console++.js:263 in error
[ERROR - 2019-11-03T14:37:15.541Z] Session [6a00ef10-fe47-11e9-b5d7-11c4d6302cd3] - page.onError - stack:
  (anonymous function) (https://i.cdn.turner.com/ads/adfuel/modules/prebid2.31.0-pre.min.js:3)
  f (https://i.cdn.turner.com/ads/adfuel/modules/prebid2.31.0-pre.min.js:3)
  (anonymous function) (https://i.cdn.turner.com/ads/adfuel/modules/prebid2.31.0-pre.min.js:3)
  f (https://i.cdn.turner.com/ads/adfuel/modules/prebid2.31.0-pre.min.js:3)
  (anonymous function) (https://i.cdn.turner.com/ads/adfuel/modules/prebid2.31.0-pre.min.js:3)
  f (https://i.cdn.turner.com/ads/adfuel/modules/prebid2.31.0-pre.min.js:3)
  (anonymous function) (https://i.cdn.turner.com/ads/adfuel/modules/prebid2.31.0-pre.min.js:3)
  f (https://i.cdn.turner.com/ads/adfuel/modules/prebid2.31.0-pre.min.js:3)
  (anonymous function) (https://i.cdn.turner.com/ads/adfuel/modules/prebid2.31.0-pre.min.js:3)
  f (https://i.cdn.turner.com/ads/adfuel/modules/prebid2.31.0-pre.min.js:3)
  (anonymous function) (https://i.cdn.turner.com/ads/adfuel/modules/prebid2.31.0-pre.min.js:3)
  f (https://i.cdn.turner.com/ads/adfuel/modules/prebid2.31.0-pre.min.js:3)
  (anonymous function) (https://i.cdn.turner.com/ads/adfuel/modules/prebid2.31.0-pre.min.js:3)

  phantomjs://platform/console++.js:263 in error
[ERROR - 2019-11-03T14:37:24.735Z] Session [6a00ef10-fe47-11e9-b5d7-11c4d6302cd3] - page.onError - msg: TypeError: undefined is not a constructor (evaluating 'googletag.pubads()')

  phantomjs://platform/console++.js:263 in error
[ERROR - 2019-11-03T14:37:24.735Z] Session [6a00ef10-fe47-11e9-b5d7-11c4d6302cd3] - page.onError - stack:
  (anonymous function) (https://stats.nba.com/players/list/:4)

  phantomjs://platform/console++.js:263 in error
